<?xml version="1.0" encoding="UTF-8"?>
<testng-results ignored="0" total="1" passed="1" failed="0" skipped="0">
  <reporter-output>
  </reporter-output>
  <suite started-at="2022-05-09T13:52:51Z" name="login.LoginTests" finished-at="2022-05-09T13:52:56Z" duration-ms="4913">
    <groups>
    </groups>
    <test started-at="2022-05-09T13:52:51Z" name="Command line test" finished-at="2022-05-09T13:52:56Z" duration-ms="4913">
      <class name="login.LoginTests">
        <test-method is-config="true" signature="setUp()[pri:0, instance:login.LoginTests@67a20f67]" started-at="2022-05-09T13:52:51Z" name="setUp" finished-at="2022-05-09T13:52:54Z" duration-ms="3252" status="PASS">
          <reporter-output>
          </reporter-output>
        </test-method> <!-- setUp -->
        <test-method signature="testSuccessfulLogin()[pri:0, instance:login.LoginTests@67a20f67]" started-at="2022-05-09T13:52:54Z" name="testSuccessfulLogin" finished-at="2022-05-09T13:52:55Z" duration-ms="960" status="PASS">
          <reporter-output>
          </reporter-output>
        </test-method> <!-- testSuccessfulLogin -->
        <test-method is-config="true" signature="tearDown()[pri:0, instance:login.LoginTests@67a20f67]" started-at="2022-05-09T13:52:55Z" name="tearDown" finished-at="2022-05-09T13:52:56Z" duration-ms="681" status="PASS">
          <reporter-output>
          </reporter-output>
        </test-method> <!-- tearDown -->
      </class> <!-- login.LoginTests -->
    </test> <!-- Command line test -->
  </suite> <!-- login.LoginTests -->
</testng-results>
